2023-06-05 14:35:44,533 INFO PERFORMANCE:|2|2|-1|-1

2023-06-05 14:40:44,550 INFO PERFORMANCE:|2|2|-1|-1

2023-06-05 14:45:44,560 INFO PERFORMANCE:|4|1|8|8

2023-06-05 14:49:17,417 INFO PERFORMANCE:|0|0|-1|-1

2023-06-05 14:54:17,428 INFO PERFORMANCE:|2|2|-1|-1

2023-06-05 14:59:17,439 INFO PERFORMANCE:|2|2|-1|-1

2023-06-05 15:04:17,451 INFO PERFORMANCE:|2|2|-1|-1

2023-06-05 15:09:17,454 INFO PERFORMANCE:|2|1|-1|-1

2023-06-05 15:22:12,069 INFO PERFORMANCE:|0|0|-1|-1

2023-06-05 15:27:12,079 INFO PERFORMANCE:|0|0|-1|-1

2023-06-05 15:32:12,084 INFO PERFORMANCE:|0|0|-1|-1

2023-06-05 15:37:12,094 INFO PERFORMANCE:|0|0|-1|-1

2023-06-05 15:42:12,101 INFO PERFORMANCE:|0|0|-1|-1

2023-06-05 15:47:12,111 INFO PERFORMANCE:|0|0|-1|-1

2023-06-05 15:52:12,123 INFO PERFORMANCE:|0|0|-1|-1

2023-06-05 15:57:12,132 INFO PERFORMANCE:|0|0|-1|-1

2023-06-05 16:02:12,143 INFO PERFORMANCE:|0|0|-1|-1

2023-06-05 16:07:12,158 INFO PERFORMANCE:|0|0|-1|-1

2023-06-05 16:12:12,168 INFO PERFORMANCE:|0|0|-1|-1

2023-06-05 16:17:12,170 INFO PERFORMANCE:|0|0|-1|-1

2023-06-05 16:22:12,172 INFO PERFORMANCE:|0|0|-1|-1

2023-06-05 16:27:12,173 INFO PERFORMANCE:|0|0|-1|-1

2023-06-05 16:32:12,176 INFO PERFORMANCE:|0|0|-1|-1

2023-06-05 16:37:12,186 INFO PERFORMANCE:|0|0|-1|-1

2023-06-05 16:42:12,201 INFO PERFORMANCE:|0|0|-1|-1

2023-06-05 16:47:12,204 INFO PERFORMANCE:|0|0|-1|-1

2023-06-05 16:52:12,219 INFO PERFORMANCE:|0|0|-1|-1

2023-06-05 16:57:12,232 INFO PERFORMANCE:|0|0|-1|-1

2023-06-05 17:02:12,240 INFO PERFORMANCE:|0|0|-1|-1

2023-06-05 17:07:12,241 INFO PERFORMANCE:|0|0|-1|-1

2023-06-05 17:12:12,257 INFO PERFORMANCE:|0|0|-1|-1

2023-06-05 17:17:12,258 INFO PERFORMANCE:|0|0|-1|-1

2023-06-05 17:22:12,272 INFO PERFORMANCE:|0|0|-1|-1

2023-06-05 17:27:12,284 INFO PERFORMANCE:|0|0|-1|-1

2023-06-05 17:32:12,295 INFO PERFORMANCE:|0|0|-1|-1

2023-06-05 17:37:12,310 INFO PERFORMANCE:|0|0|-1|-1

2023-06-05 17:42:12,314 INFO PERFORMANCE:|0|0|-1|-1

2023-06-05 17:47:12,323 INFO PERFORMANCE:|0|0|-1|-1

2023-06-05 17:52:12,335 INFO PERFORMANCE:|0|0|-1|-1

2023-06-05 17:57:12,359 INFO PERFORMANCE:|0|0|-1|-1

2023-06-05 18:02:12,360 INFO PERFORMANCE:|0|0|-1|-1

2023-06-05 18:07:12,379 INFO PERFORMANCE:|0|0|-1|-1

2023-06-05 18:12:12,391 INFO PERFORMANCE:|0|0|-1|-1

2023-06-05 18:17:12,399 INFO PERFORMANCE:|0|0|-1|-1

2023-06-05 18:22:12,407 INFO PERFORMANCE:|0|0|-1|-1

2023-06-05 18:28:59,107 INFO PERFORMANCE:|0|0|-1|-1

2023-06-05 18:33:59,113 INFO PERFORMANCE:|0|0|-1|-1

2023-06-05 18:38:59,116 INFO PERFORMANCE:|0|0|-1|-1

2023-06-05 18:43:59,119 INFO PERFORMANCE:|0|0|-1|-1

2023-06-05 18:48:59,125 INFO PERFORMANCE:|0|0|-1|-1

2023-06-05 18:53:59,131 INFO PERFORMANCE:|2|0|-1|-1

2023-06-05 18:58:59,138 INFO PERFORMANCE:|0|0|-1|-1

2023-06-05 19:03:59,139 INFO PERFORMANCE:|0|0|-1|-1

2023-06-05 19:08:59,143 INFO PERFORMANCE:|0|0|-1|-1

